<?xml version="1.0" encoding="UTF-8"?>
<!-- Generated by org.testng.reporters.JUnitReportReporter -->
<testsuite skipped="0" hostname="DESKTOP-QHTJFSA" name="testng_suites_farid.TC11_Sort_Breakfast_Included" tests="1" failures="0" timestamp="20 Apr 2023 02:13:22 GMT" time="40.396" errors="0">
  <testcase name="f" time="40.396" classname="testng_suites_farid.TC11_Sort_Breakfast_Included"/>
</testsuite> <!-- testng_suites_farid.TC11_Sort_Breakfast_Included -->
