<?xml version="1.0" encoding="UTF-8"?>
<!-- Generated by org.testng.reporters.JUnitReportReporter -->
<testsuite skipped="0" hostname="DESKTOP-QHTJFSA" name="testng_suites_farid.TC12_Add_To_Cart" tests="1" failures="0" timestamp="20 Apr 2023 02:13:22 GMT" time="56.742" errors="0">
  <testcase name="f" time="56.742" classname="testng_suites_farid.TC12_Add_To_Cart"/>
</testsuite> <!-- testng_suites_farid.TC12_Add_To_Cart -->
