<?xml version="1.0" encoding="UTF-8"?>
<!-- Generated by org.testng.reporters.JUnitReportReporter -->
<testsuite skipped="0" hostname="DESKTOP-QHTJFSA" name="testng_farid.TC12_Sort_Breakfast_Included" tests="1" failures="0" timestamp="19 Apr 2023 21:42:17 GMT" time="52.261" errors="0">
  <testcase name="f" time="52.261" classname="testng_farid.TC12_Sort_Breakfast_Included"/>
</testsuite> <!-- testng_farid.TC12_Sort_Breakfast_Included -->
