<?xml version="1.0" encoding="UTF-8"?>
<!-- Generated by org.testng.reporters.JUnitReportReporter -->
<testsuite skipped="0" hostname="DESKTOP-QHTJFSA" name="testng_farid.TC09_Private_Stay_Booking" tests="1" failures="0" timestamp="20 Apr 2023 04:48:23 GMT" time="77.158" errors="0">
  <testcase name="f" time="77.158" classname="testng_farid.TC09_Private_Stay_Booking"/>
</testsuite> <!-- testng_farid.TC09_Private_Stay_Booking -->
