<?xml version="1.0" encoding="UTF-8"?>
<!-- Generated by org.testng.reporters.JUnitReportReporter -->
<testsuite skipped="0" hostname="DESKTOP-QHTJFSA" name="testng_farid.TC05_Filter_4_Star_Hotels" tests="1" failures="0" timestamp="20 Apr 2023 01:36:42 GMT" time="46.661" errors="0">
  <testcase name="f" time="46.661" classname="testng_farid.TC05_Filter_4_Star_Hotels"/>
</testsuite> <!-- testng_farid.TC05_Filter_4_Star_Hotels -->
