<?xml version="1.0" encoding="UTF-8"?>
<!-- Generated by org.testng.reporters.JUnitReportReporter -->
<testsuite skipped="0" hostname="DESKTOP-QHTJFSA" name="testng_farid.TC09_Private_Stay_Search" tests="1" failures="0" timestamp="20 Apr 2023 01:36:42 GMT" time="43.982" errors="0">
  <testcase name="f" time="43.982" classname="testng_farid.TC09_Private_Stay_Search"/>
</testsuite> <!-- testng_farid.TC09_Private_Stay_Search -->
