<?xml version="1.0" encoding="UTF-8"?>
<!-- Generated by org.testng.reporters.JUnitReportReporter -->
<testsuite skipped="0" hostname="DESKTOP-QHTJFSA" name="testng_farid.TC11_Remove_From_Cart" tests="1" failures="0" timestamp="19 Apr 2023 21:06:59 GMT" time="87.702" errors="0">
  <testcase name="f" time="87.702" classname="testng_farid.TC11_Remove_From_Cart"/>
</testsuite> <!-- testng_farid.TC11_Remove_From_Cart -->
