<?xml version="1.0" encoding="UTF-8"?>
<!-- Generated by org.testng.reporters.JUnitReportReporter -->
<testsuite skipped="0" hostname="DESKTOP-QHTJFSA" name="testng_farid.TC13_Remove_From_Cart" tests="1" failures="0" timestamp="20 Apr 2023 01:36:42 GMT" time="123.734" errors="0">
  <testcase name="f" time="123.734" classname="testng_farid.TC13_Remove_From_Cart"/>
</testsuite> <!-- testng_farid.TC13_Remove_From_Cart -->
