<?xml version="1.0" encoding="UTF-8"?>
<!-- Generated by org.testng.reporters.JUnitReportReporter -->
<testsuite skipped="0" hostname="DESKTOP-QHTJFSA" name="testng_farid.NewTest" tests="1" failures="0" timestamp="19 Apr 2023 17:36:42 GMT" time="56.450" errors="0">
  <testcase name="f" time="56.450" classname="testng_farid.NewTest"/>
</testsuite> <!-- testng_farid.NewTest -->
